app/build/outputs/mapping/release/seeds.txt
com.hayat.stockprobeta.Dashboard2
com.hayat.stockprobeta.Addorder
com.hayat.stockprobeta.OrderlistActivity
com.hayat.stockprobeta.date
com.hayat.stockprobeta.View_OrderList
com.hayat.stockprobeta.ProductlistActivity
com.hayat.stockprobeta.View_StockList
com.hayat.stockprobeta.ADDpurchase
com.hayat.stockprobeta.PurchaselistActivity
com.hayat.stockprobeta.expenseList
com.hayat.stockprobeta.StocklistActivity
com.hayat.stockprobeta.MainActivity
com.hayat.stockprobeta.DashboardActivity
com.hayat.stockprobeta.SalelistActivity
com.hayat.stockprobeta.StocklistActivity: StocklistActivity()
com.hayat.stockprobeta.date: date()
com.hayat.stockprobeta.SalelistActivity: SalelistActivity()
com.hayat.stockprobeta.View_OrderList: View_OrderList()
com.hayat.stockprobeta.Addorder: Addorder()
com.hayat.stockprobeta.DashboardActivity: void projectlist(android.view.View)
com.hayat.stockprobeta.OrderlistActivity: OrderlistActivity()
com.hayat.stockprobeta.expenseList: expenseList()
com.hayat.stockprobeta.ADDpurchase: ADDpurchase()
com.hayat.stockprobeta.View_StockList: View_StockList()
com.hayat.stockprobeta.MainActivity: MainActivity()
com.hayat.stockprobeta.PurchaselistActivity: PurchaselistActivity()
com.hayat.stockprobeta.ProductlistActivity: ProductlistActivity()
com.hayat.stockprobeta.DashboardActivity: DashboardActivity()
com.hayat.stockprobeta.Dashboard2: void projectlist(android.view.View)
com.hayat.stockprobeta.Dashboard2: Dashboard2()
...
androidx.appcompat.widget.AppCompatButton: void setFilters(android.text.InputFilter[])
com.google.android.material.textfield.TextInputEditText: java.lang.CharSequence getHintFromLayout()
androidx.cardview.widget.CardView: void setRadius(float)
androidx.media.AudioAttributesCompatParcelizer: androidx.media.AudioAttributesCompat read(androidx.versionedparcelable.VersionedParcel)
androidx.constraintlayout.core.SolverVariable$Type: androidx.constraintlayout.core.SolverVariable$Type valueOf(java.lang.String)
com.google.android.material.textfield.TextInputLayout: void setEndIconOnLongClickListener(android.view.View$OnLongClickListener)
com.google.android.material.textfield.TextInputEditText: java.lang.CharSequence getHint()
androidx.appcompat.widget.LinearLayoutCompat: int getOrientation()
androidx.constraintlayout.motion.widget.MotionLayout: void setTransitionDuration(int)
androidx.constraintlayout.motion.widget.MotionLayout: long getTransitionTimeMs()
androidx.appcompat.widget.AppCompatButton: android.graphics.PorterDuff$Mode getSupportBackgroundTintMode()
com.google.android.material.chip.Chip: void setBackground(android.graphics.drawable.Drawable)
androidx.appcompat.view.menu.ActionMenuItemView: void setExpandedFormat(boolean)
androidx.core.app.AppOpsManagerCompat$Api29Impl: int checkOpNoThrow(android.app.AppOpsManager,java.lang.String,int,java.lang.String)
androidx.cardview.widget.CardView: float getCardElevation()
com.google.android.material.chip.Chip: void setChipStartPadding(float)
com.google.android.material.floatingactionbutton.FloatingActionButton: void setImageResource(int)
com.google.android.material.datepicker.MaterialCalendarGridView: MaterialCalendarGridView(android.content.Context,android.util.AttributeSet)
com.google.android.material.card.MaterialCardView: void setCheckedIconResource(int)
androidx.vectordrawable.graphics.drawable.VectorDrawableCompat$VGroup: float getPivotX()
androidx.media.AudioAttributesImplApi21Parcelizer: void write(androidx.media.AudioAttributesImplApi21,androidx.versionedparcelable.VersionedParcel)
androidx.media.AudioAttributesImplBaseParcelizer: AudioAttributesImplBaseParcelizer()
com.google.android.material.button.MaterialButton: void setRippleColor(android.content.res.ColorStateList)
com.google.android.material.button.MaterialButton: void setOnPressedChangeListenerInternal(com.google.android.material.button.MaterialButton$OnPressedChangeListener)
androidx.core.view.ViewCompat$Api19Impl: void setAccessibilityLiveRegion(android.view.View,int)
androidx.core.view.WindowInsetsCompat$Impl20: void loadReflectionField()
com.google.android.material.button.MaterialButton: android.graphics.PorterDuff$Mode getSupportBackgroundTintMode()
com.google.android.material.textfield.TextInputLayout: void setStartIconOnLongClickListener(android.view.View$OnLongClickListener)
androidx.appcompat.widget.AppCompatTextViewAutoSizeHelper$Impl23: AppCompatTextViewAutoSizeHelper$Impl23()
androidx.appcompat.widget.AppCompatImageButton: void setImageURI(android.net.Uri)
androidx.core.view.ViewCompat$Api19Impl: int getAccessibilityLiveRegion(android.view.View)
androidx.appcompat.widget.SearchView: int getMaxWidth()
com.google.android.material.textfield.TextInputLayout: void setPasswordVisibilityToggleTintMode(android.graphics.PorterDuff$Mode)
com.google.android.material.card.MaterialCardView: void setStrokeColor(android.content.res.ColorStateList)
com.google.android.material.timepicker.ClockHandView: ClockHandView(android.content.Context,android.util.AttributeSet)
com.google.android.material.textfield.TextInputLayout: void setStartIconDrawable(int)
com.google.android.material.snackbar.BaseTransientBottomBar$SnackbarBaseLayout: float getActionTextColorAlpha()
com.google.android.material.textfield.TextInputLayout: com.google.android.material.shape.MaterialShapeDrawable getBoxBackground()
com.google.android.material.card.MaterialCardView: void setCheckedIconTint(android.content.res.ColorStateList)