app/build/outputs/mapping/release/mapping.txt
# compiler: R8
# compiler_version: 3.0.76
# min_api: 19
# pg_map_id: c71bd03
# common_typos_disable
com.hayat.stockprobeta.ADDpurchase -> com.hayat.stockprobeta.ADDpurchase:
    android.widget.TextView totalStock -> p
    java.util.ArrayList dl -> z
    java.util.ArrayList cl -> y
    int serialNo -> F
    int currentStockPrice -> D
    int totalStockPrice -> E
    android.widget.Button save -> s
    android.widget.Button add -> r
    int rate4 -> x
    int res -> v
    int rate3 -> w
    int c -> u
    android.widget.Spinner spinner -> q
    android.widget.EditText quantity -> B
    java.lang.String spinnerName -> C
    android.widget.EditText rate -> A
    android.widget.LinearLayout layout -> t
    33:266:void <init>() -> <init>
    270:333:void showlist(java.lang.String,int,int,int,int) -> K
    54:254:void onCreate(android.os.Bundle) -> onCreate
com.hayat.stockprobeta.ADDpurchase$1 -> com.hayat.stockprobeta.ADDpurchase$a:
    com.hayat.stockprobeta.ADDpurchase this$0 -> b
    89:89:void <init>(com.hayat.stockprobeta.ADDpurchase) -> <init>
    93:95:void onItemSelected(android.widget.AdapterView,android.view.View,int,long) -> onItemSelected
    99:99:void onNothingSelected(android.widget.AdapterView) -> onNothingSelected
com.hayat.stockprobeta.ADDpurchase$2 -> com.hayat.stockprobeta.ADDpurchase$b:
    com.hayat.stockprobeta.ADDpurchase this$0 -> b
    128:128:void <init>(com.hayat.stockprobeta.ADDpurchase) -> <init>
    133:189:void onClick(android.view.View) -> onClick
com.hayat.stockprobeta.ADDpurchase$3 -> com.hayat.stockprobeta.ADDpurchase$c:
    com.hayat.stockprobeta.ADDpurchase this$0 -> c
    com.hayat.stockprobeta.DBHandler val$db -> b
    193:193:void <init>(com.hayat.stockprobeta.ADDpurchase,com.hayat.stockprobeta.DBHandler) -> <init>
    199:243:void onClick(android.view.View) -> onClick
com.hayat.stockprobeta.ADDpurchase$4 -> com.hayat.stockprobeta.ADDpurchase$d:
    android.widget.TextView val$TV_tag -> c
    android.widget.TextView val$total -> b
    com.hayat.stockprobeta.ADDpurchase this$0 -> e
    android.view.View val$view -> d
    292:292:void <init>(com.hayat.stockprobeta.ADDpurchase,android.widget.TextView,android.widget.TextView,android.view.View) -> <init>
    299:311:void onClick(android.view.View) -> onClick
com.hayat.stockprobeta.Addorder -> com.hayat.stockprobeta.Addorder:
    android.widget.TextView totalStock -> p
    java.util.ArrayList dl -> z
    java.util.ArrayList cl -> y
    int serialNo -> H
    int currentStockPrice -> F
    int totalStockPrice -> G
    android.widget.Button save -> s
    android.widget.Button add -> r
    int Qty -> x
    int res -> v
    int sRate -> w
    int c -> u
    android.widget.Spinner spinner -> q
    android.widget.EditText quantity -> B
    java.lang.String spinnerName -> C
    android.widget.EditText customerName -> A
    android.widget.LinearLayout layout -> t
    java.lang.String orderTitle -> E
    java.lang.String salerate -> D
    33:262:void <init>() -> <init>
    266:330:void showlist(java.lang.String,int,int,int,int) -> K
    54:251:void onCreate(android.os.Bundle) -> onCreate
com.hayat.stockprobeta.Addorder$1 -> com.hayat.stockprobeta.Addorder$a:
    java.util.List val$overall_list -> b
    com.hayat.stockprobeta.Addorder this$0 -> c
    103:103:void <init>(com.hayat.stockprobeta.Addorder,java.util.List) -> <init>
    109:121:void onItemSelected(android.widget.AdapterView,android.view.View,int,long) -> onItemSelected
    126:126:void onNothingSelected(android.widget.AdapterView) -> onNothingSelected
com.hayat.stockprobeta.Addorder$2 -> com.hayat.stockprobeta.Addorder$b:
    com.hayat.stockprobeta.Addorder this$0 -> b
    134:134:void <init>(com.hayat.stockprobeta.Addorder) -> <init>
    139:196:void onClick(android.view.View) -> onClick
...
androidx.lifecycle.ClassesInfoCache -> androidx.lifecycle.a:
    java.util.Map mCallbackMap -> a
    java.util.Map mHasLifecycleMethods -> b
    androidx.lifecycle.ClassesInfoCache sInstance -> c
    39:39:void <clinit>() -> <clinit>
    37:46:void <init>() -> <init>
    109:165:androidx.lifecycle.ClassesInfoCache$CallbackInfo createInfo(java.lang.Class,java.lang.reflect.Method[]) -> a
    74:76:java.lang.reflect.Method[] getDeclaredMethods(java.lang.Class) -> b
    85:90:androidx.lifecycle.ClassesInfoCache$CallbackInfo getInfo(java.lang.Class) -> c
    49:69:boolean hasLifecycleMethods(java.lang.Class) -> d
    95:106:void verifyAndPutHandler(java.util.Map,androidx.lifecycle.ClassesInfoCache$MethodReference,androidx.lifecycle.Lifecycle$Event,java.lang.Class) -> e
androidx.lifecycle.ClassesInfoCache$CallbackInfo -> androidx.lifecycle.a$a:
    java.util.Map mEventToHandlers -> a
    java.util.Map mHandlerToEvent -> b
    174:186:void <init>(java.util.Map) -> <init>
    190:193:void invokeCallbacks(androidx.lifecycle.LifecycleOwner,androidx.lifecycle.Lifecycle$Event,java.lang.Object) -> a
    197:202:void invokeMethodsForEvent(java.util.List,androidx.lifecycle.LifecycleOwner,androidx.lifecycle.Lifecycle$Event,java.lang.Object) -> b
androidx.lifecycle.ClassesInfoCache$MethodReference -> androidx.lifecycle.a$b:
    int mCallType -> a
    java.lang.reflect.Method mMethod -> b
    211:215:void <init>(int,java.lang.reflect.Method) -> <init>
    220:236:void invokeCallback(androidx.lifecycle.LifecycleOwner,androidx.lifecycle.Lifecycle$Event,java.lang.Object) -> a
    240:248:boolean equals(java.lang.Object) -> equals
    253:253:int hashCode() -> hashCode
androidx.lifecycle.CompositeGeneratedAdaptersObserver -> androidx.lifecycle.CompositeGeneratedAdaptersObserver:
    androidx.lifecycle.GeneratedAdapter[] mGeneratedAdapters -> a
    26:28:void <init>(androidx.lifecycle.GeneratedAdapter[]) -> <init>
    32:39:void onStateChanged(androidx.lifecycle.LifecycleOwner,androidx.lifecycle.Lifecycle$Event) -> g
androidx.lifecycle.DefaultLifecycleObserver -> androidx.lifecycle.c:
androidx.lifecycle.DefaultLifecycleObserver$-CC -> androidx.lifecycle.b:
    43:43:void androidx.lifecycle.DefaultLifecycleObserver.onCreate(androidx.lifecycle.LifecycleOwner) -> a
    102:102:void androidx.lifecycle.DefaultLifecycleObserver.onDestroy(androidx.lifecycle.LifecycleOwner) -> b
    78:78:void androidx.lifecycle.DefaultLifecycleObserver.onPause(androidx.lifecycle.LifecycleOwner) -> c
    54:54:void androidx.lifecycle.DefaultLifecycleObserver.onStart(androidx.lifecycle.LifecycleOwner) -> d
    90:90:void androidx.lifecycle.DefaultLifecycleObserver.onStop(androidx.lifecycle.LifecycleOwner) -> e
androidx.lifecycle.EmptyActivityLifecycleCallbacks -> androidx.lifecycle.d:
    23:23:void <init>() -> <init>
    26:26:void onActivityCreated(android.app.Activity,android.os.Bundle) -> onActivityCreated
    50:50:void onActivityDestroyed(android.app.Activity) -> onActivityDestroyed
    38:38:void onActivityPaused(android.app.Activity) -> onActivityPaused
    34:34:void onActivityResumed(android.app.Activity) -> onActivityResumed
    46:46:void onActivitySaveInstanceState(android.app.Activity,android.os.Bundle) -> onActivitySaveInstanceState
    30:30:void onActivityStarted(android.app.Activity) -> onActivityStarted
    42:42:void onActivityStopped(android.app.Activity) -> onActivityStopped
androidx.lifecycle.FullLifecycleObserver -> androidx.lifecycle.e:
    void onResume(androidx.lifecycle.LifecycleOwner) -> a
    void onPause(androidx.lifecycle.LifecycleOwner) -> b
    void onDestroy(androidx.lifecycle.LifecycleOwner) -> c
    void onStop(androidx.lifecycle.LifecycleOwner) -> d
    void onCreate(androidx.lifecycle.LifecycleOwner) -> e
    void onStart(androidx.lifecycle.LifecycleOwner) -> f