app/build/outputs/mapping/release/usage.txt
com.hayat.stockprobeta.ADDpurchase$2:
    private java.lang.Object ArrayAdapter
com.hayat.stockprobeta.ADDpurchase:
    java.lang.String DropdownPICKER
    android.widget.ListView listView
    android.widget.TextView textView
com.hayat.stockprobeta.Addorder$2:
    private java.lang.Object ArrayAdapter
com.hayat.stockprobeta.Addorder:
    java.lang.String DropdownPICKER
    android.widget.ListView listView
    android.widget.TextView textView
com.hayat.stockprobeta.BuildConfig
com.hayat.stockprobeta.DBHandler:
    private static final java.lang.String ACCOUNT_TABLE
    private static final java.lang.String BILLAMOUNT_COL
    private static final java.lang.String BILLDATE_COL
    private static final java.lang.String BILL_COL
    private static final java.lang.String DATE_COL
    private static final java.lang.String DB_NAME
    private static final int DB_VERSION
    private static final java.lang.String DES_COL
    private static final java.lang.String EXPENSELIST_TABLE
    private static final java.lang.String EXPENSE_TABLE
    private static final java.lang.String ExpenseAMOUNT_COL
    private static final java.lang.String ExpenseDate_COL
    private static final java.lang.String ExpenseDesc_COL
    private static final java.lang.String ID_COL
    private static final java.lang.String NAME_COL
    private static final java.lang.String ORDERID_COL
    private static final java.lang.String ORDERLIST_TABLE
    private static final java.lang.String ORDER_COL
    private static final java.lang.String ORDER_TABLE
    private static final java.lang.String ORG_COL
    private static final java.lang.String PRATE_COL
    private static final java.lang.String PRODUCTID_COL
    private static final java.lang.String PRODUCT_TABLE
    private static final java.lang.String QTY_COL
    private static final java.lang.String SRATE_COL
    private static final java.lang.String STATUS_COL
    private static final java.lang.String STOCKID_COL
com.hayat.stockprobeta.Dashboard2:
    java.lang.String EDate
    android.widget.Button Edateb
    android.app.DatePickerDialog datePickerDialog
    android.widget.LinearLayout expenselist
    public void ShowDatePicker()
    private int addNewStockList()
    public void alert(java.lang.String)
com.hayat.stockprobeta.DashboardActivity:
    android.widget.TextView idtv
    android.widget.TextView remstk
    static java.lang.String search
    static java.lang.String v
    public void alert(java.lang.String)
com.hayat.stockprobeta.OrderlistActivity:
    android.widget.TextView idtv
    java.lang.String procount
    android.widget.TextView remstk
    public void alert(java.lang.String)
com.hayat.stockprobeta.ProductlistActivity:
    android.widget.Button prbtn
com.hayat.stockprobeta.PurchaselistActivity:
    android.widget.TextView idtv
    java.lang.String procount
    android.widget.TextView remstk
    public void alert(java.lang.String)
com.hayat.stockprobeta.R$anim
com.hayat.stockprobeta.R$animator
com.hayat.stockprobeta.R$array
com.hayat.stockprobeta.R$attr
com.hayat.stockprobeta.R$bool
com.hayat.stockprobeta.R$color
com.hayat.stockprobeta.R$dimen
com.hayat.stockprobeta.R$drawable
com.hayat.stockprobeta.R$font
com.hayat.stockprobeta.R$id
com.hayat.stockprobeta.R$integer
com.hayat.stockprobeta.R$interpolator
com.hayat.stockprobeta.R$layout
com.hayat.stockprobeta.R$menu
com.hayat.stockprobeta.R$mipmap
com.hayat.stockprobeta.R$plurals
com.hayat.stockprobeta.R$string
com.hayat.stockprobeta.R$style
com.hayat.stockprobeta.R$styleable
com.hayat.stockprobeta.R$xml
com.hayat.stockprobeta.R
com.hayat.stockprobeta.databinding.ActivityAddorderBinding
com.hayat.stockprobeta.databinding.ActivityAddpurchaseBinding
com.hayat.stockprobeta.databinding.ActivityDashboard2Binding
com.hayat.stockprobeta.databinding.ActivityDashboardBinding
com.hayat.stockprobeta.databinding.ActivityDateBinding
com.hayat.stockprobeta.databinding.ActivityExpenseListBinding
com.hayat.stockprobeta.databinding.ActivityMainBinding
...
androidx.appcompat.content.res.AppCompatResources:
    private void <init>()
androidx.appcompat.graphics.drawable.AnimatedStateListDrawableCompat$AnimatedStateListState:
    private static final long REVERSED_BIT
    private static final long REVERSIBLE_FLAG_BIT
androidx.appcompat.graphics.drawable.AnimatedStateListDrawableCompat:
    private static final java.lang.String ELEMENT_ITEM
    private static final java.lang.String ELEMENT_TRANSITION
    private static final java.lang.String ITEM_MISSING_DRAWABLE_ERROR
    private static final java.lang.String TRANSITION_MISSING_DRAWABLE_ERROR
    private static final java.lang.String TRANSITION_MISSING_FROM_TO_ID
    public synthetic bridge void addState(int[],android.graphics.drawable.Drawable)
    public void addState(int[],android.graphics.drawable.Drawable,int)
    public void addTransition(int,int,android.graphics.drawable.Drawable,boolean)
    void clearMutated()
    public static androidx.appcompat.graphics.drawable.AnimatedStateListDrawableCompat create(android.content.Context,int,android.content.res.Resources$Theme)
    public synthetic bridge void setEnterFadeDuration(int)
    public synthetic bridge void setExitFadeDuration(int)
androidx.appcompat.graphics.drawable.DrawableContainer$Api21Impl:
    private void <init>()
androidx.appcompat.graphics.drawable.DrawableContainer$DrawableContainerState:
    final void clearMutated()
    public final int getEnterFadeDuration()
    public final int getExitFadeDuration()
    public final boolean isStateful()
androidx.appcompat.graphics.drawable.DrawableContainer:
    private static final boolean DEBUG
    private static final boolean DEFAULT_DITHER
    private static final java.lang.String TAG
    void clearMutated()
    public boolean isStateful()
    void setCurrentIndex(int)
    public void setEnterFadeDuration(int)
    public void setExitFadeDuration(int)
androidx.appcompat.graphics.drawable.DrawerArrowDrawable$ArrowDirection
androidx.appcompat.graphics.drawable.DrawerArrowDrawable
androidx.appcompat.graphics.drawable.StateListDrawable:
    private static final boolean DEBUG
    private static final java.lang.String TAG
    void <init>()
    public void addState(int[],android.graphics.drawable.Drawable)
    void clearMutated()
    int getStateCount()
    android.graphics.drawable.Drawable getStateDrawable(int)
    int getStateDrawableIndex(int[])
    androidx.appcompat.graphics.drawable.StateListDrawable$StateListState getStateListState()
    int[] getStateSet(int)
    public void inflate(android.content.Context,android.content.res.Resources,org.xmlpull.v1.XmlPullParser,android.util.AttributeSet,android.content.res.Resources$Theme)
    private void inflateChildElements(android.content.Context,android.content.res.Resources,org.xmlpull.v1.XmlPullParser,android.util.AttributeSet,android.content.res.Resources$Theme)
    private void updateStateFromTypedArray(android.content.res.TypedArray)
androidx.appcompat.resources.Compatibility$Api15Impl:
    private void <init>()
androidx.appcompat.resources.Compatibility$Api18Impl:
    private void <init>()
androidx.appcompat.resources.Compatibility$Api21Impl:
    private void <init>()
androidx.appcompat.resources.Compatibility
androidx.appcompat.resources.R$drawable:
    private void <init>()
androidx.appcompat.resources.R$styleable:
    public static final int StateListDrawableItem_android_drawable
    public static final int StateListDrawable_android_constantSize
    public static final int StateListDrawable_android_dither
    public static final int StateListDrawable_android_enterFadeDuration
    public static final int StateListDrawable_android_exitFadeDuration
    public static final int StateListDrawable_android_variablePadding
    public static final int StateListDrawable_android_visible
    private void <init>()
androidx.appcompat.resources.R
androidx.appcompat.text.AllCapsTransformationMethod
androidx.appcompat.view.ActionMode:
    public boolean isUiFocusable()